<?xml version="1.0" encoding="UTF-8"?>
<!-- Generated by org.testng.reporters.JUnitXMLReporter -->
<testsuite hostname="apples-MacBook-Pro.local" ignored="0" name="Default test" tests="5" failures="0" timestamp="12 Sep 2017 09:52:13 GMT" time="87.002" errors="0">
  <testcase name="login" time="60.426" classname="com.sapizon.instavr.test.T016_Upload_Image_Verify_Hotspot"/>
  <testcase name="authoring" time="0.529" classname="com.sapizon.instavr.test.T016_Upload_Image_Verify_Hotspot"/>
  <testcase name="Addcontent" time="4.421" classname="com.sapizon.instavr.test.T016_Upload_Image_Verify_Hotspot"/>
  <testcase name="AddLink" time="1.914" classname="com.sapizon.instavr.test.T016_Upload_Image_Verify_Hotspot"/>
  <testcase name="logout" time="4.879" classname="com.sapizon.instavr.test.T016_Upload_Image_Verify_Hotspot"/>
</testsuite> <!-- Default test -->
