<?xml version="1.0" encoding="UTF-8"?>
<!-- Generated by org.testng.reporters.JUnitXMLReporter -->
<testsuite hostname="apples-MacBook-Pro.local" ignored="0" name="Default test" tests="5" failures="0" timestamp="23 Oct 2017 13:19:57 GMT" time="117.421" errors="0">
  <testcase name="login" time="39.929" classname="com.sapizon.instavr.test.T018_add_music"/>
  <testcase name="authoring" time="6.159" classname="com.sapizon.instavr.test.T018_add_music"/>
  <testcase name="Addcontent" time="5.3" classname="com.sapizon.instavr.test.T018_add_music"/>
  <testcase name="AddLink" time="0.869" classname="com.sapizon.instavr.test.T018_add_music"/>
  <testcase name="logout" time="3.94" classname="com.sapizon.instavr.test.T018_add_music"/>
</testsuite> <!-- Default test -->
