<?xml version="1.0" encoding="UTF-8"?>
<!-- Generated by org.testng.reporters.JUnitXMLReporter -->
<testsuite hostname="apples-MacBook-Pro.local" ignored="0" name="AddAction" tests="5" failures="0" timestamp="09 Oct 2017 16:18:29 GMT" time="87.581" errors="0">
  <testcase name="login" time="38.119" classname="com.sapizon.instavr.test.T017_Test_Upload_image_Verify_Actions"/>
  <testcase name="authoring" time="4.241" classname="com.sapizon.instavr.test.T017_Test_Upload_image_Verify_Actions"/>
  <testcase name="Addcontent" time="7.259" classname="com.sapizon.instavr.test.T017_Test_Upload_image_Verify_Actions"/>
  <testcase name="AddLink" time="1.038" classname="com.sapizon.instavr.test.T017_Test_Upload_image_Verify_Actions"/>
  <testcase name="logout" time="6.319" classname="com.sapizon.instavr.test.T017_Test_Upload_image_Verify_Actions"/>
</testsuite> <!-- AddAction -->
