<?xml version="1.0" encoding="UTF-8"?>
<!-- Generated by org.testng.reporters.JUnitXMLReporter -->
<testsuite hostname="apples-MacBook-Pro.local" ignored="0" name="AddHotspot" tests="5" failures="0" timestamp="26 Oct 2017 10:45:24 GMT" time="89.429" errors="0">
  <testcase name="@BeforeClass setUp" time="89.135" classname="com.sapizon.instavr.test.T016_Upload_Image_Verify_Hotspot">
    <failure type="org.openqa.selenium.WebDriverException" message="unknown error: unable to discover open pages
  (Driver info: chromedriver=2.32.498537 (cb2f855cbc7b82e20387eaf9a43f6b99b6105061),platform=Mac OS X 10.12.6 x86_64) (WARNING: The server did not provide any stacktrace information)
Command duration or timeout: 84.16 seconds
Build info: version: &amp;apos;3.4.0&amp;apos;, revision: &amp;apos;unknown&amp;apos;, time: &amp;apos;unknown&amp;apos;
System info: host: &amp;apos;apples-MacBook-Pro.local&amp;apos;, ip: &amp;apos;192.168.0.2&amp;apos;, os.name: &amp;apos;Mac OS X&amp;apos;, os.arch: &amp;apos;x86_64&amp;apos;, os.version: &amp;apos;10.12.6&amp;apos;, java.version: &amp;apos;1.8.0_101&amp;apos;
Driver info: driver.version: ChromeDriver">
      <![CDATA[org.openqa.selenium.WebDriverException: unknown error: unable to discover open pages
  (Driver info: chromedriver=2.32.498537 (cb2f855cbc7b82e20387eaf9a43f6b99b6105061),platform=Mac OS X 10.12.6 x86_64) (WARNING: The server did not provide any stacktrace information)
Command duration or timeout: 84.16 seconds
Build info: version: '3.4.0', revision: 'unknown', time: 'unknown'
System info: host: 'apples-MacBook-Pro.local', ip: '192.168.0.2', os.name: 'Mac OS X', os.arch: 'x86_64', os.version: '10.12.6', java.version: '1.8.0_101'
Driver info: driver.version: ChromeDriver
	at org.openqa.selenium.remote.ErrorHandler.createThrowable(ErrorHandler.java:215)
	at org.openqa.selenium.remote.ErrorHandler.throwIfResponseFailed(ErrorHandler.java:167)
	at org.openqa.selenium.remote.JsonWireProtocolResponse.lambda$new$0(JsonWireProtocolResponse.java:53)
	at org.openqa.selenium.remote.JsonWireProtocolResponse.lambda$getResponseFunction$2(JsonWireProtocolResponse.java:91)
	at org.openqa.selenium.remote.ProtocolHandshake.lambda$createSession$22(ProtocolHandshake.java:365)
	at java.util.stream.ReferencePipeline$3$1.accept(ReferencePipeline.java:193)
	at java.util.Spliterators$ArraySpliterator.tryAdvance(Spliterators.java:958)
	at java.util.stream.ReferencePipeline.forEachWithCancel(ReferencePipeline.java:126)
	at java.util.stream.AbstractPipeline.copyIntoWithCancel(AbstractPipeline.java:498)
	at java.util.stream.AbstractPipeline.copyInto(AbstractPipeline.java:485)
	at java.util.stream.AbstractPipeline.wrapAndCopyInto(AbstractPipeline.java:471)
	at java.util.stream.FindOps$FindOp.evaluateSequential(FindOps.java:152)
	at java.util.stream.AbstractPipeline.evaluate(AbstractPipeline.java:234)
	at java.util.stream.ReferencePipeline.findFirst(ReferencePipeline.java:464)
	at org.openqa.selenium.remote.ProtocolHandshake.createSession(ProtocolHandshake.java:368)
	at org.openqa.selenium.remote.ProtocolHandshake.createSession(ProtocolHandshake.java:159)
	at org.openqa.selenium.remote.HttpCommandExecutor.execute(HttpCommandExecutor.java:142)
	at org.openqa.selenium.remote.service.DriverCommandExecutor.execute(DriverCommandExecutor.java:82)
	at org.openqa.selenium.remote.RemoteWebDriver.execute(RemoteWebDriver.java:637)
	at org.openqa.selenium.remote.RemoteWebDriver.startSession(RemoteWebDriver.java:250)
	at org.openqa.selenium.remote.RemoteWebDriver.startSession(RemoteWebDriver.java:236)
	at org.openqa.selenium.remote.RemoteWebDriver.<init>(RemoteWebDriver.java:137)
	at org.openqa.selenium.chrome.ChromeDriver.<init>(ChromeDriver.java:184)
	at org.openqa.selenium.chrome.ChromeDriver.<init>(ChromeDriver.java:171)
	at org.openqa.selenium.chrome.ChromeDriver.<init>(ChromeDriver.java:158)
	at com.sapizon.instavr.config.TestBase.selectBrowser(TestBase.java:66)
	at com.sapizon.instavr.config.TestBase.init(TestBase.java:55)
	at com.sapizon.instavr.test.T016_Upload_Image_Verify_Hotspot.setUp(T016_Upload_Image_Verify_Hotspot.java:41)
... Removed 29 stack frames]]>
    </failure>
  </testcase> <!-- @BeforeClass setUp -->
  <testcase name="@BeforeMethod beforeMethod" time="0.0" classname="com.sapizon.instavr.config.TestBase">
    <skipped/>
  </testcase> <!-- @BeforeMethod beforeMethod -->
  <testcase name="@BeforeMethod beforeMethod" time="0.0" classname="com.sapizon.instavr.config.TestBase">
    <skipped/>
  </testcase> <!-- @BeforeMethod beforeMethod -->
  <testcase name="@BeforeMethod beforeMethod" time="0.0" classname="com.sapizon.instavr.config.TestBase">
    <skipped/>
  </testcase> <!-- @BeforeMethod beforeMethod -->
  <testcase name="@BeforeMethod beforeMethod" time="0.0" classname="com.sapizon.instavr.config.TestBase">
    <skipped/>
  </testcase> <!-- @BeforeMethod beforeMethod -->
  <testcase name="@BeforeMethod beforeMethod" time="0.0" classname="com.sapizon.instavr.config.TestBase">
    <skipped/>
  </testcase> <!-- @BeforeMethod beforeMethod -->
  <testcase name="@AfterClass endTest" time="0.035" classname="com.sapizon.instavr.config.TestBase">
    <failure type="java.lang.NullPointerException">
      <![CDATA[java.lang.NullPointerException
	at com.sapizon.instavr.config.TestBase.closeBrowser(TestBase.java:153)
	at com.sapizon.instavr.config.TestBase.endTest(TestBase.java:149)
... Removed 25 stack frames]]>
    </failure>
  </testcase> <!-- @AfterClass endTest -->
  <testcase name="login" time="0.001" classname="com.sapizon.instavr.test.T016_Upload_Image_Verify_Hotspot">
    <skipped/>
  </testcase> <!-- login -->
  <testcase name="authoring" time="0.0" classname="com.sapizon.instavr.test.T016_Upload_Image_Verify_Hotspot">
    <skipped/>
  </testcase> <!-- authoring -->
  <testcase name="Addcontent" time="0.0" classname="com.sapizon.instavr.test.T016_Upload_Image_Verify_Hotspot">
    <skipped/>
  </testcase> <!-- Addcontent -->
  <testcase name="AddHotspot" time="0.0" classname="com.sapizon.instavr.test.T016_Upload_Image_Verify_Hotspot">
    <skipped/>
  </testcase> <!-- AddHotspot -->
  <testcase name="logout" time="0.0" classname="com.sapizon.instavr.test.T016_Upload_Image_Verify_Hotspot">
    <skipped/>
  </testcase> <!-- logout -->
</testsuite> <!-- AddHotspot -->
