<?xml version="1.0" encoding="UTF-8"?>
<!-- Generated by org.testng.reporters.JUnitXMLReporter -->
<testsuite hostname="apples-MacBook-Pro.local" ignored="0" name="AddLink" tests="5" failures="0" timestamp="26 Oct 2017 10:43:53 GMT" time="180.489" errors="0">
  <testcase name="login" time="62.145" classname="com.sapizon.instavr.test.T015_Test_Upload_image_Select_image_add_link"/>
  <testcase name="authoring" time="0.625" classname="com.sapizon.instavr.test.T015_Test_Upload_image_Select_image_add_link"/>
  <testcase name="Addcontent" time="1.889" classname="com.sapizon.instavr.test.T015_Test_Upload_image_Select_image_add_link"/>
  <testcase name="AddLink" time="0.602" classname="com.sapizon.instavr.test.T015_Test_Upload_image_Select_image_add_link"/>
  <testcase name="logout" time="18.474" classname="com.sapizon.instavr.test.T015_Test_Upload_image_Select_image_add_link"/>
</testsuite> <!-- AddLink -->
