<?xml version="1.0" encoding="UTF-8"?>
<!-- Generated by org.testng.reporters.JUnitXMLReporter -->
<testsuite hostname="apples-MacBook-Pro.local" ignored="0" name="AddLink" tests="5" failures="0" timestamp="09 Oct 2017 16:15:44 GMT" time="77.433" errors="0">
  <testcase name="login" time="42.335" classname="com.sapizon.instavr.test.T015_Test_Upload_image_Select_image_add_link"/>
  <testcase name="authoring" time="4.593" classname="com.sapizon.instavr.test.T015_Test_Upload_image_Select_image_add_link"/>
  <testcase name="Addcontent" time="6.222" classname="com.sapizon.instavr.test.T015_Test_Upload_image_Select_image_add_link"/>
  <testcase name="AddLink" time="1.662" classname="com.sapizon.instavr.test.T015_Test_Upload_image_Select_image_add_link"/>
  <testcase name="logout" time="5.116" classname="com.sapizon.instavr.test.T015_Test_Upload_image_Select_image_add_link"/>
</testsuite> <!-- AddLink -->
