<?xml version="1.0" encoding="UTF-8"?>
<!-- Generated by org.testng.reporters.JUnitXMLReporter -->
<testsuite hostname="apples-MacBook-Pro.local" ignored="0" name="SelectImage" tests="4" failures="0" timestamp="26 Oct 2017 10:40:49 GMT" time="134.526" errors="0">
  <testcase name="login" time="93.708" classname="com.sapizon.instavr.test.T008VerifyFilemanager"/>
  <testcase name="authoring" time="2.733" classname="com.sapizon.instavr.test.T008VerifyFilemanager"/>
  <testcase name="Addcontent" time="1.448" classname="com.sapizon.instavr.test.T008VerifyFilemanager"/>
  <testcase name="logout" time="4.638" classname="com.sapizon.instavr.test.T008VerifyFilemanager"/>
</testsuite> <!-- SelectImage -->
