<?xml version="1.0" encoding="UTF-8"?>
<!-- Generated by org.testng.reporters.JUnitXMLReporter -->
<testsuite hostname="apples-MacBook-Pro.local" ignored="0" name="Test" tests="5" failures="0" timestamp="09 Oct 2017 11:12:24 GMT" time="68.73" errors="0">
  <testcase name="login" time="33.521" classname="com.sapizon.instavr.test.T017_Test_Upload_image_Verify_Actions"/>
  <testcase name="authoring" time="0.5" classname="com.sapizon.instavr.test.T017_Test_Upload_image_Verify_Actions"/>
  <testcase name="Addcontent" time="6.698" classname="com.sapizon.instavr.test.T017_Test_Upload_image_Verify_Actions"/>
  <testcase name="AddLink" time="0.819" classname="com.sapizon.instavr.test.T017_Test_Upload_image_Verify_Actions"/>
  <testcase name="logout" time="4.721" classname="com.sapizon.instavr.test.T017_Test_Upload_image_Verify_Actions"/>
</testsuite> <!-- Test -->
