<?xml version="1.0" encoding="UTF-8"?>
<testng-results skipped="0" failed="0" ignored="0" total="1" passed="1">
  <reporter-output>
    <line>
      <![CDATA[Open console.instavr.co]]>
    </line>
    <line>
      <![CDATA[Verify InstaVR Login page is displayed]]>
    </line>
    <line>
      <![CDATA[<a href='/Users/apple/Documents/InstaVR/src/main/java/com/sapizon/instavr/reports/screenshots/blank_08_11_2017_04_57_01.png'> <img src='/Users/apple/Documents/InstaVR/src/main/java/com/sapizon/instavr/reports/screenshots/blank_08_11_2017_04_57_01.png' height='100' width='100'/> </a>]]>
    </line>
    <line>
      <![CDATA[Verify user loged in sucessfully]]>
    </line>
    <line>
      <![CDATA[<a href='/Users/apple/Documents/InstaVR/src/main/java/com/sapizon/instavr/reports/screenshots/blank_08_11_2017_04_57_49.png'> <img src='/Users/apple/Documents/InstaVR/src/main/java/com/sapizon/instavr/reports/screenshots/blank_08_11_2017_04_57_49.png' height='100' width='100'/> </a>]]>
    </line>
    <line>
      <![CDATA[<a href='/Users/apple/Documents/InstaVR/src/main/java/com/sapizon/instavr/reports/screenshots/blank_08_11_2017_04_57_59.png'> <img src='/Users/apple/Documents/InstaVR/src/main/java/com/sapizon/instavr/reports/screenshots/blank_08_11_2017_04_57_59.png' height='100' width='100'/> </a>]]>
    </line>
    <line>
      <![CDATA[Verify user loged out sucessfully]]>
    </line>
    <line>
      <![CDATA[<a href='/Users/apple/Documents/InstaVR/src/main/java/com/sapizon/instavr/reports/screenshots/blank_08_11_2017_04_57_59.png'> <img src='/Users/apple/Documents/InstaVR/src/main/java/com/sapizon/instavr/reports/screenshots/blank_08_11_2017_04_57_59.png' height='100' width='100'/> </a>]]>
    </line>
    <line>
      <![CDATA[<a href='/Users/apple/Documents/InstaVR/src/main/java/com/sapizon/instavr/reports/screenshots/blank_08_11_2017_04_57_59.png'> <img src='/Users/apple/Documents/InstaVR/src/main/java/com/sapizon/instavr/reports/screenshots/blank_08_11_2017_04_57_59.png' height='100' width='100'/> </a>]]>
    </line>
  </reporter-output>
  <suite name="Default suite" duration-ms="96969" started-at="2017-11-08T11:26:25Z" finished-at="2017-11-08T11:28:02Z">
    <groups>
    </groups>
    <test name="Default test" duration-ms="96969" started-at="2017-11-08T11:26:25Z" finished-at="2017-11-08T11:28:02Z">
      <class name="com.sapizon.instavr.test.T001_Test_LoginTest">
        <test-method status="PASS" signature="setUp()[pri:0, instance:com.sapizon.instavr.test.T001_Test_LoginTest@365185bd]" name="setUp" is-config="true" duration-ms="35050" started-at="2017-11-08T16:56:25Z" finished-at="2017-11-08T16:57:00Z">
          <reporter-output>
            <line>
              <![CDATA[Open console.instavr.co]]>
            </line>
          </reporter-output>
        </test-method> <!-- setUp -->
        <test-method status="PASS" signature="beforeMethod(java.lang.reflect.Method)[pri:0, instance:com.sapizon.instavr.test.T001_Test_LoginTest@365185bd]" name="beforeMethod" is-config="true" duration-ms="5" started-at="2017-11-08T16:57:01Z" finished-at="2017-11-08T16:57:01Z">
          <params>
            <param index="0">
              <value>
                <![CDATA[public void com.sapizon.instavr.test.T001_Test_LoginTest.login(java.lang.String,java.lang.String,java.lang.String) throws java.lang.InterruptedException]]>
              </value>
            </param>
          </params>
          <reporter-output>
          </reporter-output>
        </test-method> <!-- beforeMethod -->
        <test-method status="PASS" signature="login(java.lang.String, java.lang.String, java.lang.String)[pri:0, instance:com.sapizon.instavr.test.T001_Test_LoginTest@365185bd]" name="login" duration-ms="58337" started-at="2017-11-08T16:57:01Z" data-provider="loginData" finished-at="2017-11-08T16:57:59Z">
          <params>
            <param index="0">
              <value>
                <![CDATA[pramodnp.pnp@gmail.com]]>
              </value>
            </param>
            <param index="1">
              <value>
                <![CDATA[pramodnp1995]]>
              </value>
            </param>
            <param index="2">
              <value>
                <![CDATA[y]]>
              </value>
            </param>
          </params>
          <reporter-output>
            <line>
              <![CDATA[Verify InstaVR Login page is displayed]]>
            </line>
            <line>
              <![CDATA[<a href='/Users/apple/Documents/InstaVR/src/main/java/com/sapizon/instavr/reports/screenshots/blank_08_11_2017_04_57_01.png'> <img src='/Users/apple/Documents/InstaVR/src/main/java/com/sapizon/instavr/reports/screenshots/blank_08_11_2017_04_57_01.png' height='100' width='100'/> </a>]]>
            </line>
            <line>
              <![CDATA[Verify user loged in sucessfully]]>
            </line>
            <line>
              <![CDATA[<a href='/Users/apple/Documents/InstaVR/src/main/java/com/sapizon/instavr/reports/screenshots/blank_08_11_2017_04_57_49.png'> <img src='/Users/apple/Documents/InstaVR/src/main/java/com/sapizon/instavr/reports/screenshots/blank_08_11_2017_04_57_49.png' height='100' width='100'/> </a>]]>
            </line>
            <line>
              <![CDATA[<a href='/Users/apple/Documents/InstaVR/src/main/java/com/sapizon/instavr/reports/screenshots/blank_08_11_2017_04_57_59.png'> <img src='/Users/apple/Documents/InstaVR/src/main/java/com/sapizon/instavr/reports/screenshots/blank_08_11_2017_04_57_59.png' height='100' width='100'/> </a>]]>
            </line>
            <line>
              <![CDATA[Verify user loged out sucessfully]]>
            </line>
            <line>
              <![CDATA[<a href='/Users/apple/Documents/InstaVR/src/main/java/com/sapizon/instavr/reports/screenshots/blank_08_11_2017_04_57_59.png'> <img src='/Users/apple/Documents/InstaVR/src/main/java/com/sapizon/instavr/reports/screenshots/blank_08_11_2017_04_57_59.png' height='100' width='100'/> </a>]]>
            </line>
          </reporter-output>
        </test-method> <!-- login -->
        <test-method status="PASS" signature="afterMethod(org.testng.ITestResult)[pri:0, instance:com.sapizon.instavr.test.T001_Test_LoginTest@365185bd]" name="afterMethod" is-config="true" duration-ms="315" started-at="2017-11-08T16:57:59Z" finished-at="2017-11-08T16:58:00Z">
          <params>
            <param index="0">
              <value>
                <![CDATA[[TestResult name=login status=SUCCESS method=T001_Test_LoginTest.login(java.lang.String, java.lang.String, java.lang.String)[pri:0, instance:com.sapizon.instavr.test.T001_Test_LoginTest@365185bd] output=Verify InstaVR Login page is displayed]]]>
              </value>
            </param>
          </params>
          <reporter-output>
            <line>
              <![CDATA[<a href='/Users/apple/Documents/InstaVR/src/main/java/com/sapizon/instavr/reports/screenshots/blank_08_11_2017_04_57_59.png'> <img src='/Users/apple/Documents/InstaVR/src/main/java/com/sapizon/instavr/reports/screenshots/blank_08_11_2017_04_57_59.png' height='100' width='100'/> </a>]]>
            </line>
          </reporter-output>
        </test-method> <!-- afterMethod -->
        <test-method status="PASS" signature="endTest()[pri:0, instance:com.sapizon.instavr.test.T001_Test_LoginTest@365185bd]" name="endTest" is-config="true" duration-ms="2317" started-at="2017-11-08T16:58:00Z" finished-at="2017-11-08T16:58:02Z">
          <reporter-output>
          </reporter-output>
        </test-method> <!-- endTest -->
      </class> <!-- com.sapizon.instavr.test.T001_Test_LoginTest -->
    </test> <!-- Default test -->
  </suite> <!-- Default suite -->
</testng-results>
